<?xml version="1.0" encoding="UTF-8"?>
<!-- Generated by org.testng.reporters.JUnitReportReporter -->
<testsuite hostname="DESKTOP-GM2LFFD" failures="0" tests="1" name="project.com.PracticeScripts.MouseActions" time="17.520" errors="0" timestamp="2023-03-01T23:53:52 BDT" skipped="0">
  <testcase classname="project.com.PracticeScripts.MouseActions" name="MouseHandle" time="17.520"/>
  <system-out/>
</testsuite> <!-- project.com.PracticeScripts.MouseActions -->
