<?xml version="1.0" encoding="UTF-8"?>
<!-- Generated by org.testng.reporters.JUnitReportReporter -->
<testsuite hostname="DESKTOP-GM2LFFD" failures="0" tests="1" name="project.com.PracticeScripts.IFrame" time="59.147" errors="0" timestamp="2023-02-27T21:41:44 BDT" skipped="0">
  <testcase classname="project.com.PracticeScripts.IFrame" name="iframestart" time="59.147"/>
  <system-out/>
</testsuite> <!-- project.com.PracticeScripts.IFrame -->
